0 info it worked if it ends with ok
1 verbose cli [ '/usr/local/bin/node', '/usr/local/bin/npm', 'run', 'ui-specs' ]
2 info using npm@3.10.3
3 info using node@v6.5.0
4 verbose run-script [ 'preui-specs', 'ui-specs', 'postui-specs' ]
5 info lifecycle nodejs-starter@0.0.0~preui-specs: nodejs-starter@0.0.0
6 silly lifecycle nodejs-starter@0.0.0~preui-specs: no script for preui-specs, continuing
7 info lifecycle nodejs-starter@0.0.0~ui-specs: nodejs-starter@0.0.0
8 verbose lifecycle nodejs-starter@0.0.0~ui-specs: unsafe-perm in lifecycle true
9 verbose lifecycle nodejs-starter@0.0.0~ui-specs: PATH: /usr/local/lib/node_modules/npm/bin/node-gyp-bin:/Users/a1021420/Dropbox/Projects/docker-oracle-nightwatch/node_modules/.bin:/usr/local/bin:/usr/local/bin:/usr/local/terraform/bin:/usr/bin:/bin:/usr/sbin:/sbin:/usr/local/bin:/opt/X11/bin:/usr/local/git/bin:/Users/a1021420/Dropbox/Projects/go/bin:/Users/a1021420/.node/bin:/usr/local/share/dotnet
10 verbose lifecycle nodejs-starter@0.0.0~ui-specs: CWD: /Users/a1021420/Dropbox/Projects/docker-oracle-nightwatch
11 silly lifecycle nodejs-starter@0.0.0~ui-specs: Args: [ '-c', 'gulp ui-tests' ]
12 silly lifecycle nodejs-starter@0.0.0~ui-specs: Returned: code: 1  signal: null
13 info lifecycle nodejs-starter@0.0.0~ui-specs: Failed to exec ui-specs script
14 verbose stack Error: nodejs-starter@0.0.0 ui-specs: `gulp ui-tests`
14 verbose stack Exit status 1
14 verbose stack     at EventEmitter.<anonymous> (/usr/local/lib/node_modules/npm/lib/utils/lifecycle.js:242:16)
14 verbose stack     at emitTwo (events.js:106:13)
14 verbose stack     at EventEmitter.emit (events.js:191:7)
14 verbose stack     at ChildProcess.<anonymous> (/usr/local/lib/node_modules/npm/lib/utils/spawn.js:40:14)
14 verbose stack     at emitTwo (events.js:106:13)
14 verbose stack     at ChildProcess.emit (events.js:191:7)
14 verbose stack     at maybeClose (internal/child_process.js:877:16)
14 verbose stack     at Process.ChildProcess._handle.onexit (internal/child_process.js:226:5)
15 verbose pkgid nodejs-starter@0.0.0
16 verbose cwd /Users/a1021420/Dropbox/Projects/docker-oracle-nightwatch
17 error Darwin 15.6.0
18 error argv "/usr/local/bin/node" "/usr/local/bin/npm" "run" "ui-specs"
19 error node v6.5.0
20 error npm  v3.10.3
21 error code ELIFECYCLE
22 error nodejs-starter@0.0.0 ui-specs: `gulp ui-tests`
22 error Exit status 1
23 error Failed at the nodejs-starter@0.0.0 ui-specs script 'gulp ui-tests'.
23 error Make sure you have the latest version of node.js and npm installed.
23 error If you do, this is most likely a problem with the nodejs-starter package,
23 error not with npm itself.
23 error Tell the author that this fails on your system:
23 error     gulp ui-tests
23 error You can get information on how to open an issue for this project with:
23 error     npm bugs nodejs-starter
23 error Or if that isn't available, you can get their info via:
23 error     npm owner ls nodejs-starter
23 error There is likely additional logging output above.
24 verbose exit [ 1, true ]
